                                                                                                                        
>>>>>>>>>>>>>>>>>>>>>>>>>>>>>>>>>>>>>>>>>>>>>>>>>>>>>>>>>>>>>>>>>>>>>>>>>>>>>>>>>>>>>>>>>>>>>>>>>>>>>>>>>>>>>>>>>>>>>>>>
2024-03-15 15:46:47,052 - INFO - START solution_registry =============================================
2024-03-15 15:46:47,052 - INFO - START solution_registry Start Time = 2024-03-15 15:46:47
2024-03-15 15:46:47,052 - INFO - solution_registry Step 0 - Initialize the configuration file parser
2024-03-15 15:46:47,052 - INFO - Process solution_registry Step 0 - Initializing and starting Logging Process.
2024-03-15 15:46:47,432 - INFO - PERFORMANCE solution_registry The total process duration was:0.38
2024-03-15 15:46:47,433 - INFO - PERFORMANCE solution_registry Stop Time = 2024-03-15 15:46:47
2024-03-15 15:46:47,433 - INFO - PERFORMANCE solution_registry Short process duration less than 3 Seconds:0.38
2024-03-15 15:46:47,433 - INFO - PERFORMANCE solution_registry Performance optimization is not reccomended
2024-03-15 15:46:47,433 - INFO - END solution_registry =============================================

<<<<<<<<<<<<<<<<<<<<<<<<<<<<<<<<<<<<<<<<<<<<<<<<<<<<<<<<<<<<<<<<<<<<<<<<<<<<<<<<<<<<<<<<<<<<<<<<<<<<<<<<<<<<<<<<<<<<<<<<
                                                                                                                        
                                                                                                                        
>>>>>>>>>>>>>>>>>>>>>>>>>>>>>>>>>>>>>>>>>>>>>>>>>>>>>>>>>>>>>>>>>>>>>>>>>>>>>>>>>>>>>>>>>>>>>>>>>>>>>>>>>>>>>>>>>>>>>>>>
2024-04-08 16:36:46,669 - INFO - START solution_registry =============================================
2024-04-08 16:36:46,670 - INFO - START solution_registry Start Time = 2024-04-08 16:36:46
2024-04-08 16:36:46,670 - INFO - solution_registry Step 0 - Initialize the configuration file parser
2024-04-08 16:36:46,670 - INFO - Process solution_registry Step 0 - Initializing and starting Logging Process.
2024-04-08 16:36:47,165 - INFO - PERFORMANCE solution_registry The total process duration was:0.50
2024-04-08 16:36:47,165 - INFO - PERFORMANCE solution_registry Stop Time = 2024-04-08 16:36:47
2024-04-08 16:36:47,165 - INFO - PERFORMANCE solution_registry Short process duration less than 3 Seconds:0.50
2024-04-08 16:36:47,165 - INFO - PERFORMANCE solution_registry Performance optimization is not reccomended
2024-04-08 16:36:47,165 - INFO - END solution_registry =============================================

<<<<<<<<<<<<<<<<<<<<<<<<<<<<<<<<<<<<<<<<<<<<<<<<<<<<<<<<<<<<<<<<<<<<<<<<<<<<<<<<<<<<<<<<<<<<<<<<<<<<<<<<<<<<<<<<<<<<<<<<
                                                                                                                        
                                                                                                                        
>>>>>>>>>>>>>>>>>>>>>>>>>>>>>>>>>>>>>>>>>>>>>>>>>>>>>>>>>>>>>>>>>>>>>>>>>>>>>>>>>>>>>>>>>>>>>>>>>>>>>>>>>>>>>>>>>>>>>>>>
2024-04-08 17:38:52,326 - INFO - START solution_registry =============================================
2024-04-08 17:38:52,326 - INFO - START solution_registry Start Time = 2024-04-08 17:38:52
2024-04-08 17:38:52,327 - INFO - solution_registry Step 0 - Initialize the configuration file parser
2024-04-08 17:38:52,327 - INFO - Process solution_registry Step 0 - Initializing and starting Logging Process.
2024-04-08 17:38:52,774 - INFO - PERFORMANCE solution_registry The total process duration was:0.45
2024-04-08 17:38:52,774 - INFO - PERFORMANCE solution_registry Stop Time = 2024-04-08 17:38:52
2024-04-08 17:38:52,774 - INFO - PERFORMANCE solution_registry Short process duration less than 3 Seconds:0.45
2024-04-08 17:38:52,774 - INFO - PERFORMANCE solution_registry Performance optimization is not reccomended
2024-04-08 17:38:52,775 - INFO - END solution_registry =============================================

<<<<<<<<<<<<<<<<<<<<<<<<<<<<<<<<<<<<<<<<<<<<<<<<<<<<<<<<<<<<<<<<<<<<<<<<<<<<<<<<<<<<<<<<<<<<<<<<<<<<<<<<<<<<<<<<<<<<<<<<
                                                                                                                        
                                                                                                                        
>>>>>>>>>>>>>>>>>>>>>>>>>>>>>>>>>>>>>>>>>>>>>>>>>>>>>>>>>>>>>>>>>>>>>>>>>>>>>>>>>>>>>>>>>>>>>>>>>>>>>>>>>>>>>>>>>>>>>>>>
2024-04-08 17:45:17,200 - INFO - START solution_registry =============================================
2024-04-08 17:45:17,200 - INFO - START solution_registry Start Time = 2024-04-08 17:45:17
2024-04-08 17:45:17,200 - INFO - solution_registry Step 0 - Initialize the configuration file parser
2024-04-08 17:45:17,200 - INFO - Process solution_registry Step 0 - Initializing and starting Logging Process.
2024-04-08 17:45:17,633 - INFO - PERFORMANCE solution_registry The total process duration was:0.43
2024-04-08 17:45:17,633 - INFO - PERFORMANCE solution_registry Stop Time = 2024-04-08 17:45:17
2024-04-08 17:45:17,633 - INFO - PERFORMANCE solution_registry Short process duration less than 3 Seconds:0.43
2024-04-08 17:45:17,633 - INFO - PERFORMANCE solution_registry Performance optimization is not reccomended
2024-04-08 17:45:17,633 - INFO - END solution_registry =============================================

<<<<<<<<<<<<<<<<<<<<<<<<<<<<<<<<<<<<<<<<<<<<<<<<<<<<<<<<<<<<<<<<<<<<<<<<<<<<<<<<<<<<<<<<<<<<<<<<<<<<<<<<<<<<<<<<<<<<<<<<
                                                                                                                        
                                                                                                                        
>>>>>>>>>>>>>>>>>>>>>>>>>>>>>>>>>>>>>>>>>>>>>>>>>>>>>>>>>>>>>>>>>>>>>>>>>>>>>>>>>>>>>>>>>>>>>>>>>>>>>>>>>>>>>>>>>>>>>>>>
2024-04-10 00:18:02,853 - INFO - START solution_registry =============================================
2024-04-10 00:18:02,853 - INFO - START solution_registry Start Time = 2024-04-10 00:18:02
2024-04-10 00:18:02,853 - INFO - solution_registry Step 0 - Initialize the configuration file parser
2024-04-10 00:18:02,854 - INFO - Process solution_registry Step 0 - Initializing and starting Logging Process.
2024-04-10 00:18:03,316 - INFO - PERFORMANCE solution_registry The total process duration was:0.46
2024-04-10 00:18:03,316 - INFO - PERFORMANCE solution_registry Stop Time = 2024-04-10 00:18:03
2024-04-10 00:18:03,316 - INFO - PERFORMANCE solution_registry Short process duration less than 3 Seconds:0.46
2024-04-10 00:18:03,316 - INFO - PERFORMANCE solution_registry Performance optimization is not reccomended
2024-04-10 00:18:03,316 - INFO - END solution_registry =============================================

<<<<<<<<<<<<<<<<<<<<<<<<<<<<<<<<<<<<<<<<<<<<<<<<<<<<<<<<<<<<<<<<<<<<<<<<<<<<<<<<<<<<<<<<<<<<<<<<<<<<<<<<<<<<<<<<<<<<<<<<
                                                                                                                        
                                                                                                                        
>>>>>>>>>>>>>>>>>>>>>>>>>>>>>>>>>>>>>>>>>>>>>>>>>>>>>>>>>>>>>>>>>>>>>>>>>>>>>>>>>>>>>>>>>>>>>>>>>>>>>>>>>>>>>>>>>>>>>>>>
2024-04-10 00:18:08,404 - INFO - START solution_registry =============================================
2024-04-10 00:18:08,404 - INFO - START solution_registry Start Time = 2024-04-10 00:18:08
2024-04-10 00:18:08,404 - INFO - solution_registry Step 0 - Initialize the configuration file parser
2024-04-10 00:18:08,405 - INFO - Process solution_registry Step 0 - Initializing and starting Logging Process.
2024-04-10 00:18:08,867 - INFO - PERFORMANCE solution_registry The total process duration was:0.46
2024-04-10 00:18:08,867 - INFO - PERFORMANCE solution_registry Stop Time = 2024-04-10 00:18:08
2024-04-10 00:18:08,867 - INFO - PERFORMANCE solution_registry Short process duration less than 3 Seconds:0.46
2024-04-10 00:18:08,867 - INFO - PERFORMANCE solution_registry Performance optimization is not reccomended
2024-04-10 00:18:08,868 - INFO - END solution_registry =============================================

<<<<<<<<<<<<<<<<<<<<<<<<<<<<<<<<<<<<<<<<<<<<<<<<<<<<<<<<<<<<<<<<<<<<<<<<<<<<<<<<<<<<<<<<<<<<<<<<<<<<<<<<<<<<<<<<<<<<<<<<
                                                                                                                        
                                                                                                                        
>>>>>>>>>>>>>>>>>>>>>>>>>>>>>>>>>>>>>>>>>>>>>>>>>>>>>>>>>>>>>>>>>>>>>>>>>>>>>>>>>>>>>>>>>>>>>>>>>>>>>>>>>>>>>>>>>>>>>>>>
2024-04-14 00:36:30,745 - INFO - START solution_registry =============================================
2024-04-14 00:36:30,745 - INFO - START solution_registry Start Time = 2024-04-14 00:36:30
2024-04-14 00:36:30,746 - INFO - solution_registry Step 0 - Initialize the configuration file parser
2024-04-14 00:36:30,746 - INFO - Process solution_registry Step 0 - Initializing and starting Logging Process.
2024-04-14 00:36:52,122 - INFO - PERFORMANCE solution_registry The total process duration was:21.38
2024-04-14 00:36:52,122 - INFO - PERFORMANCE solution_registry Stop Time = 2024-04-14 00:36:52
2024-04-14 00:36:52,122 - INFO - PERFORMANCE solution_registry Low process duration less than 3 minutes:21.38
2024-04-14 00:36:52,122 - INFO - PERFORMANCE solution_registry Performance optimization is optional
2024-04-14 00:36:52,122 - INFO - END solution_registry =============================================

<<<<<<<<<<<<<<<<<<<<<<<<<<<<<<<<<<<<<<<<<<<<<<<<<<<<<<<<<<<<<<<<<<<<<<<<<<<<<<<<<<<<<<<<<<<<<<<<<<<<<<<<<<<<<<<<<<<<<<<<
                                                                                                                        
                                                                                                                        
>>>>>>>>>>>>>>>>>>>>>>>>>>>>>>>>>>>>>>>>>>>>>>>>>>>>>>>>>>>>>>>>>>>>>>>>>>>>>>>>>>>>>>>>>>>>>>>>>>>>>>>>>>>>>>>>>>>>>>>>
2024-04-14 00:48:07,632 - INFO - START solution_registry =============================================
2024-04-14 00:48:07,632 - INFO - START solution_registry Start Time = 2024-04-14 00:48:07
2024-04-14 00:48:07,632 - INFO - solution_registry Step 0 - Initialize the configuration file parser
2024-04-14 00:48:07,632 - INFO - Process solution_registry Step 0 - Initializing and starting Logging Process.
2024-04-14 00:48:08,079 - INFO - PERFORMANCE solution_registry The total process duration was:0.45
2024-04-14 00:48:08,079 - INFO - PERFORMANCE solution_registry Stop Time = 2024-04-14 00:48:08
2024-04-14 00:48:08,079 - INFO - PERFORMANCE solution_registry Short process duration less than 3 Seconds:0.45
2024-04-14 00:48:08,079 - INFO - PERFORMANCE solution_registry Performance optimization is not reccomended
2024-04-14 00:48:08,079 - INFO - END solution_registry =============================================

<<<<<<<<<<<<<<<<<<<<<<<<<<<<<<<<<<<<<<<<<<<<<<<<<<<<<<<<<<<<<<<<<<<<<<<<<<<<<<<<<<<<<<<<<<<<<<<<<<<<<<<<<<<<<<<<<<<<<<<<
                                                                                                                        
                                                                                                                        
>>>>>>>>>>>>>>>>>>>>>>>>>>>>>>>>>>>>>>>>>>>>>>>>>>>>>>>>>>>>>>>>>>>>>>>>>>>>>>>>>>>>>>>>>>>>>>>>>>>>>>>>>>>>>>>>>>>>>>>>
2024-04-14 22:49:31,727 - INFO - START solution_registry =============================================
2024-04-14 22:49:31,727 - INFO - START solution_registry Start Time = 2024-04-14 22:49:31
2024-04-14 22:49:31,728 - INFO - solution_registry Step 0 - Initialize the configuration file parser
2024-04-14 22:49:31,728 - INFO - Process solution_registry Step 0 - Initializing and starting Logging Process.
2024-04-14 22:49:32,278 - INFO - PERFORMANCE solution_registry The total process duration was:0.55
2024-04-14 22:49:32,278 - INFO - PERFORMANCE solution_registry Stop Time = 2024-04-14 22:49:32
2024-04-14 22:49:32,278 - INFO - PERFORMANCE solution_registry Short process duration less than 3 Seconds:0.55
2024-04-14 22:49:32,279 - INFO - PERFORMANCE solution_registry Performance optimization is not reccomended
2024-04-14 22:49:32,279 - INFO - END solution_registry =============================================

<<<<<<<<<<<<<<<<<<<<<<<<<<<<<<<<<<<<<<<<<<<<<<<<<<<<<<<<<<<<<<<<<<<<<<<<<<<<<<<<<<<<<<<<<<<<<<<<<<<<<<<<<<<<<<<<<<<<<<<<
                                                                                                                        
                                                                                                                        
>>>>>>>>>>>>>>>>>>>>>>>>>>>>>>>>>>>>>>>>>>>>>>>>>>>>>>>>>>>>>>>>>>>>>>>>>>>>>>>>>>>>>>>>>>>>>>>>>>>>>>>>>>>>>>>>>>>>>>>>
2024-04-14 23:56:51,444 - INFO - START solution_registry =============================================
2024-04-14 23:56:51,444 - INFO - START solution_registry Start Time = 2024-04-14 23:56:51
2024-04-14 23:56:51,444 - INFO - solution_registry Step 0 - Initialize the configuration file parser
2024-04-14 23:56:51,444 - INFO - Process solution_registry Step 0 - Initializing and starting Logging Process.
2024-04-14 23:56:51,927 - INFO - PERFORMANCE solution_registry The total process duration was:0.48
2024-04-14 23:56:51,927 - INFO - PERFORMANCE solution_registry Stop Time = 2024-04-14 23:56:51
2024-04-14 23:56:51,927 - INFO - PERFORMANCE solution_registry Short process duration less than 3 Seconds:0.48
2024-04-14 23:56:51,928 - INFO - PERFORMANCE solution_registry Performance optimization is not reccomended
2024-04-14 23:56:51,928 - INFO - END solution_registry =============================================

<<<<<<<<<<<<<<<<<<<<<<<<<<<<<<<<<<<<<<<<<<<<<<<<<<<<<<<<<<<<<<<<<<<<<<<<<<<<<<<<<<<<<<<<<<<<<<<<<<<<<<<<<<<<<<<<<<<<<<<<
                                                                                                                        
                                                                                                                        
>>>>>>>>>>>>>>>>>>>>>>>>>>>>>>>>>>>>>>>>>>>>>>>>>>>>>>>>>>>>>>>>>>>>>>>>>>>>>>>>>>>>>>>>>>>>>>>>>>>>>>>>>>>>>>>>>>>>>>>>
2024-04-14 23:59:01,382 - INFO - START solution_registry =============================================
2024-04-14 23:59:01,382 - INFO - START solution_registry Start Time = 2024-04-14 23:59:01
2024-04-14 23:59:01,382 - INFO - solution_registry Step 0 - Initialize the configuration file parser
2024-04-14 23:59:01,382 - INFO - Process solution_registry Step 0 - Initializing and starting Logging Process.
2024-04-14 23:59:01,829 - INFO - PERFORMANCE solution_registry The total process duration was:0.45
2024-04-14 23:59:01,829 - INFO - PERFORMANCE solution_registry Stop Time = 2024-04-14 23:59:01
2024-04-14 23:59:01,829 - INFO - PERFORMANCE solution_registry Short process duration less than 3 Seconds:0.45
2024-04-14 23:59:01,830 - INFO - PERFORMANCE solution_registry Performance optimization is not reccomended
2024-04-14 23:59:01,830 - INFO - END solution_registry =============================================

<<<<<<<<<<<<<<<<<<<<<<<<<<<<<<<<<<<<<<<<<<<<<<<<<<<<<<<<<<<<<<<<<<<<<<<<<<<<<<<<<<<<<<<<<<<<<<<<<<<<<<<<<<<<<<<<<<<<<<<<
                                                                                                                        
                                                                                                                        
>>>>>>>>>>>>>>>>>>>>>>>>>>>>>>>>>>>>>>>>>>>>>>>>>>>>>>>>>>>>>>>>>>>>>>>>>>>>>>>>>>>>>>>>>>>>>>>>>>>>>>>>>>>>>>>>>>>>>>>>
2024-04-15 00:12:46,736 - INFO - START solution_registry =============================================
2024-04-15 00:12:46,736 - INFO - START solution_registry Start Time = 2024-04-15 00:12:46
2024-04-15 00:12:46,736 - INFO - solution_registry Step 0 - Initialize the configuration file parser
2024-04-15 00:12:46,737 - INFO - Process solution_registry Step 0 - Initializing and starting Logging Process.
2024-04-15 00:12:47,197 - INFO - PERFORMANCE solution_registry The total process duration was:0.46
2024-04-15 00:12:47,198 - INFO - PERFORMANCE solution_registry Stop Time = 2024-04-15 00:12:47
2024-04-15 00:12:47,198 - INFO - PERFORMANCE solution_registry Short process duration less than 3 Seconds:0.46
2024-04-15 00:12:47,198 - INFO - PERFORMANCE solution_registry Performance optimization is not reccomended
2024-04-15 00:12:47,198 - INFO - END solution_registry =============================================

<<<<<<<<<<<<<<<<<<<<<<<<<<<<<<<<<<<<<<<<<<<<<<<<<<<<<<<<<<<<<<<<<<<<<<<<<<<<<<<<<<<<<<<<<<<<<<<<<<<<<<<<<<<<<<<<<<<<<<<<
                                                                                                                        
                                                                                                                        
>>>>>>>>>>>>>>>>>>>>>>>>>>>>>>>>>>>>>>>>>>>>>>>>>>>>>>>>>>>>>>>>>>>>>>>>>>>>>>>>>>>>>>>>>>>>>>>>>>>>>>>>>>>>>>>>>>>>>>>>
2024-04-15 00:23:23,764 - INFO - START solution_registry =============================================
2024-04-15 00:23:23,764 - INFO - START solution_registry Start Time = 2024-04-15 00:23:23
2024-04-15 00:23:23,764 - INFO - solution_registry Step 0 - Initialize the configuration file parser
2024-04-15 00:23:23,766 - INFO - Process solution_registry Step 0 - Initializing and starting Logging Process.
2024-04-15 00:23:24,248 - INFO - PERFORMANCE solution_registry The total process duration was:0.48
2024-04-15 00:23:24,248 - INFO - PERFORMANCE solution_registry Stop Time = 2024-04-15 00:23:24
2024-04-15 00:23:24,248 - INFO - PERFORMANCE solution_registry Short process duration less than 3 Seconds:0.48
2024-04-15 00:23:24,248 - INFO - PERFORMANCE solution_registry Performance optimization is not reccomended
2024-04-15 00:23:24,248 - INFO - END solution_registry =============================================

<<<<<<<<<<<<<<<<<<<<<<<<<<<<<<<<<<<<<<<<<<<<<<<<<<<<<<<<<<<<<<<<<<<<<<<<<<<<<<<<<<<<<<<<<<<<<<<<<<<<<<<<<<<<<<<<<<<<<<<<
                                                                                                                        
